2020-04-09 16:51:44,701 - INFO - Cadastrando endereço.
2020-04-09 16:51:46,449 - INFO - Endereço cadastrado com sucesso.
2020-04-09 16:55:06,722 - INFO - Cadastrando produto.
2020-04-09 16:55:07,069 - INFO - Produto cadastrado com sucesso.
2020-04-09 16:58:18,425 - INFO - Cadastrando empresa.
2020-04-09 16:58:18,699 - INFO - Empresa cadastrada com sucesso.
2020-04-09 16:58:41,438 - INFO - Listando empresas.
2020-04-09 16:58:41,494 - INFO - Empresas listadas com sucesso.
2020-04-09 14:51:50,892 - INFO - Listando empresas.
2020-04-09 14:51:51,395 - INFO - Empresas listadas com sucesso.
2020-04-10 09:56:49,420 - INFO - Listando empresas.
2020-04-10 09:56:49,421 - INFO - Empresas listadas com sucesso.
2020-04-10 09:56:52,864 - INFO - Listando empresas.
2020-04-10 09:56:52,866 - INFO - Empresas listadas com sucesso.
2020-04-10 09:56:54,109 - INFO - Listando empresas.
2020-04-10 09:56:54,109 - INFO - Empresas listadas com sucesso.
2020-04-10 09:56:54,909 - INFO - Listando empresas.
2020-04-10 09:56:54,910 - INFO - Empresas listadas com sucesso.
2020-04-10 09:56:55,468 - INFO - Listando empresas.
2020-04-10 09:56:55,470 - INFO - Empresas listadas com sucesso.
2020-04-10 09:56:56,716 - INFO - Listando empresas.
2020-04-10 09:56:56,717 - INFO - Empresas listadas com sucesso.
